[0317/012342.696:ERROR:process_reader_win.cc(151)] SuspendThread: Access is denied. (0x5)
[0317/012342.700:ERROR:process_reader_win.cc(151)] SuspendThread: Access is denied. (0x5)
[0317/012342.700:ERROR:process_reader_win.cc(151)] SuspendThread: Access is denied. (0x5)
[0317/012342.700:ERROR:exception_snapshot_win.cc(98)] thread ID 12268 not found in process
[0317/185645.151:ERROR:process_memory_win.cc(73)] ReadMemory at 0x7ff6ed000000 of 64 bytes failed: Only part of a ReadProcessMemory or WriteProcessMemory request was completed. (0x12B)
[0317/185645.176:WARNING:pe_image_reader.cc(340)] could not read dos header from C:\Program Files (x86)\Google\Chrome\Application\chrome.exe
[0317/185645.176:ERROR:process_memory_win.cc(73)] ReadMemory at 0x7ffa0f760000 of 64 bytes failed: Only part of a ReadProcessMemory or WriteProcessMemory request was completed. (0x12B)
[0317/185645.177:WARNING:pe_image_reader.cc(340)] could not read dos header from C:\Windows\SYSTEM32\ntdll.dll
[0317/185645.177:ERROR:process_memory_win.cc(73)] ReadMemory at 0x7ffa0e810000 of 64 bytes failed: Only part of a ReadProcessMemory or WriteProcessMemory request was completed. (0x12B)
[0317/185645.177:WARNING:pe_image_reader.cc(340)] could not read dos header from C:\Windows\System32\KERNEL32.DLL
[0317/185645.177:ERROR:process_memory_win.cc(73)] ReadMemory at 0x7ffa0d060000 of 64 bytes failed: Only part of a ReadProcessMemory or WriteProcessMemory request was completed. (0x12B)
[0317/185645.177:WARNING:pe_image_reader.cc(340)] could not read dos header from C:\Windows\System32\KERNELBASE.dll
[0317/185645.177:ERROR:process_memory_win.cc(73)] ReadMemory at 0x7ff9e6b00000 of 64 bytes failed: Only part of a ReadProcessMemory or WriteProcessMemory request was completed. (0x12B)
[0317/185645.177:WARNING:pe_image_reader.cc(340)] could not read dos header from C:\Program Files (x86)\Google\Chrome\Application\80.0.3987.132\chrome_elf.dll
[0317/185645.177:ERROR:process_memory_win.cc(73)] ReadMemory at 0x7ff9fbf60000 of 64 bytes failed: Only part of a ReadProcessMemory or WriteProcessMemory request was completed. (0x12B)
[0317/185645.177:WARNING:pe_image_reader.cc(340)] could not read dos header from C:\Windows\SYSTEM32\VERSION.dll
[0317/185645.177:ERROR:process_memory_win.cc(73)] ReadMemory at 0x7ffa0da20000 of 64 bytes failed: Only part of a ReadProcessMemory or WriteProcessMemory request was completed. (0x12B)
[0317/185645.177:WARNING:pe_image_reader.cc(340)] could not read dos header from C:\Windows\System32\msvcrt.dll
[0317/185645.177:ERROR:process_memory_win.cc(73)] ReadMemory at 0x7ffa0d340000 of 64 bytes failed: Only part of a ReadProcessMemory or WriteProcessMemory request was completed. (0x12B)
[0317/185645.177:WARNING:pe_image_reader.cc(340)] could not read dos header from C:\Windows\System32\bcryptPrimitives.dll
[0317/185645.177:ERROR:process_memory_win.cc(73)] ReadMemory at 0x7ffa0d970000 of 64 bytes failed: Only part of a ReadProcessMemory or WriteProcessMemory request was completed. (0x12B)
[0317/185645.177:WARNING:pe_image_reader.cc(340)] could not read dos header from C:\Windows\System32\ADVAPI32.dll
[0317/185645.177:ERROR:process_memory_win.cc(73)] ReadMemory at 0x20e02f10000 of 64 bytes failed: Only part of a ReadProcessMemory or WriteProcessMemory request was completed. (0x12B)
[0317/185645.177:WARNING:pe_image_reader.cc(340)] could not read dos header from C:\Windows\System32\sechost.dll
[0317/185645.178:ERROR:process_memory_win.cc(73)] ReadMemory at 0x7ffa0e670000 of 64 bytes failed: Only part of a ReadProcessMemory or WriteProcessMemory request was completed. (0x12B)
[0317/185645.178:WARNING:pe_image_reader.cc(340)] could not read dos header from C:\Windows\System32\RPCRT4.dll
[0317/185645.178:ERROR:process_memory_win.cc(73)] ReadMemory at 0x7ff9d6160000 of 64 bytes failed: Only part of a ReadProcessMemory or WriteProcessMemory request was completed. (0x12B)
[0317/185645.178:WARNING:pe_image_reader.cc(340)] could not read dos header from C:\Program Files (x86)\Google\Chrome\Application\80.0.3987.132\chrome.dll
[0317/185645.178:ERROR:process_memory_win.cc(73)] ReadMemory at 0x7ffa0e5f0000 of 64 bytes failed: Only part of a ReadProcessMemory or WriteProcessMemory request was completed. (0x12B)
[0317/185645.178:WARNING:pe_image_reader.cc(340)] could not read dos header from C:\Windows\System32\WS2_32.dll
[0317/185645.178:ERROR:process_memory_win.cc(73)] ReadMemory at 0x7ffa0e520000 of 64 bytes failed: Only part of a ReadProcessMemory or WriteProcessMemory request was completed. (0x12B)
[0317/185645.178:WARNING:pe_image_reader.cc(340)] could not read dos header from C:\Windows\System32\OLEAUT32.dll
[0317/185645.178:ERROR:process_memory_win.cc(73)] ReadMemory at 0x7ffa0ce70000 of 64 bytes failed: Only part of a ReadProcessMemory or WriteProcessMemory request was completed. (0x12B)
[0317/185645.179:WARNING:pe_image_reader.cc(340)] could not read dos header from C:\Windows\System32\msvcp_win.dll
[0317/185645.179:ERROR:process_memory_win.cc(73)] ReadMemory at 0x7ffa0d420000 of 64 bytes failed: Only part of a ReadProcessMemory or WriteProcessMemory request was completed. (0x12B)
[0317/185645.179:WARNING:pe_image_reader.cc(340)] could not read dos header from C:\Windows\System32\ucrtbase.dll
[0317/185645.179:ERROR:process_memory_win.cc(73)] ReadMemory at 0x7ffa0e1c0000 of 64 bytes failed: Only part of a ReadProcessMemory or WriteProcessMemory request was completed. (0x12B)
[0317/185645.179:WARNING:pe_image_reader.cc(340)] could not read dos header from C:\Windows\System32\combase.dll
[0317/185645.179:ERROR:process_memory_win.cc(73)] ReadMemory at 0x7ffa0d3c0000 of 64 bytes failed: Only part of a ReadProcessMemory or WriteProcessMemory request was completed. (0x12B)
[0317/185645.179:WARNING:pe_image_reader.cc(340)] could not read dos header from C:\Windows\System32\WINTRUST.dll
[0317/185645.179:ERROR:process_memory_win.cc(73)] ReadMemory at 0x7ffa0c6a0000 of 64 bytes failed: Only part of a ReadProcessMemory or WriteProcessMemory request was completed. (0x12B)
[0317/185645.179:WARNING:pe_image_reader.cc(340)] could not read dos header from C:\Windows\System32\MSASN1.dll
[0317/185645.179:ERROR:process_memory_win.cc(73)] ReadMemory at 0x7ffa0cf10000 of 64 bytes failed: Only part of a ReadProcessMemory or WriteProcessMemory request was completed. (0x12B)
[0317/185645.179:WARNING:pe_image_reader.cc(340)] could not read dos header from C:\Windows\System32\CRYPT32.dll
[0317/185645.179:ERROR:process_memory_win.cc(73)] ReadMemory at 0x7ffa0bb40000 of 64 bytes failed: Only part of a ReadProcessMemory or WriteProcessMemory request was completed. (0x12B)
[0317/185645.179:WARNING:pe_image_reader.cc(340)] could not read dos header from C:\Windows\SYSTEM32\IPHLPAPI.DLL
[0317/185645.179:ERROR:process_memory_win.cc(73)] ReadMemory at 0x7ffa0a140000 of 64 bytes failed: Only part of a ReadProcessMemory or WriteProcessMemory request was completed. (0x12B)
[0317/185645.179:WARNING:pe_image_reader.cc(340)] could not read dos header from C:\Windows\SYSTEM32\WINMM.dll
[0317/185645.179:ERROR:process_memory_win.cc(73)] ReadMemory at 0x7ff9f2ee0000 of 64 bytes failed: Only part of a ReadProcessMemory or WriteProcessMemory request was completed. (0x12B)
[0317/185645.179:WARNING:pe_image_reader.cc(340)] could not read dos header from C:\Windows\SYSTEM32\Secur32.dll
[0317/185645.179:ERROR:process_memory_win.cc(73)] ReadMemory at 0x7ffa0c510000 of 64 bytes failed: Only part of a ReadProcessMemory or WriteProcessMemory request was completed. (0x12B)
[0317/185645.179:WARNING:pe_image_reader.cc(340)] could not read dos header from C:\Windows\SYSTEM32\USERENV.dll
[0317/185645.179:ERROR:process_memory_win.cc(73)] ReadMemory at 0x7ffa0c6c0000 of 64 bytes failed: Only part of a ReadProcessMemory or WriteProcessMemory request was completed. (0x12B)
[0317/185645.179:WARNING:pe_image_reader.cc(340)] could not read dos header from C:\Windows\System32\profapi.dll
[0317/185645.179:ERROR:process_memory_win.cc(73)] ReadMemory at 0x7ff9e6fb0000 of 64 bytes failed: Only part of a ReadProcessMemory or WriteProcessMemory request was completed. (0x12B)
[0317/185645.179:WARNING:pe_image_reader.cc(340)] could not read dos header from C:\Windows\SYSTEM32\UIAutomationCore.DLL
[0317/185645.179:ERROR:process_memory_win.cc(73)] ReadMemory at 0x7ff9f80a0000 of 64 bytes failed: Only part of a ReadProcessMemory or WriteProcessMemory request was completed. (0x12B)
[0317/185645.179:WARNING:pe_image_reader.cc(340)] could not read dos header from C:\Windows\SYSTEM32\DWrite.dll
[0317/185645.179:ERROR:process_memory_win.cc(73)] ReadMemory at 0x7ff9f1b60000 of 64 bytes failed: Only part of a ReadProcessMemory or WriteProcessMemory request was completed. (0x12B)
[0317/185645.179:WARNING:pe_image_reader.cc(340)] could not read dos header from C:\Windows\SYSTEM32\WINSPOOL.DRV
[0317/185645.179:ERROR:process_memory_win.cc(73)] ReadMemory at 0x7ffa0c630000 of 64 bytes failed: Only part of a ReadProcessMemory or WriteProcessMemory request was completed. (0x12B)
[0317/185645.179:WARNING:pe_image_reader.cc(340)] could not read dos header from C:\Windows\System32\kernel.appcore.dll
[0317/185645.179:ERROR:process_memory_win.cc(73)] ReadMemory at 0x7ffa0d7e0000 of 64 bytes failed: Only part of a ReadProcessMemory or WriteProcessMemory request was completed. (0x12B)
[0317/185645.179:WARNING:pe_image_reader.cc(340)] could not read dos header from C:\Windows\System32\bcrypt.dll
[0317/185645.179:ERROR:process_memory_win.cc(73)] ReadMemory at 0x7ff9fd980000 of 64 bytes failed: Only part of a ReadProcessMemory or WriteProcessMemory request was completed. (0x12B)
[0317/185645.179:WARNING:pe_image_reader.cc(340)] could not read dos header from C:\Windows\SYSTEM32\dbghelp.dll
[0317/185645.179:ERROR:process_memory_win.cc(73)] ReadMemory at 0x7ffa074f0000 of 64 bytes failed: Only part of a ReadProcessMemory or WriteProcessMemory request was completed. (0x12B)
[0317/185645.180:WARNING:pe_image_reader.cc(340)] could not read dos header from C:\Windows\SYSTEM32\WINHTTP.dll
[0317/185645.180:ERROR:process_memory_win.cc(73)] ReadMemory at 0x7ffa05500000 of 64 bytes failed: Only part of a ReadProcessMemory or WriteProcessMemory request was completed. (0x12B)
[0317/185645.180:WARNING:pe_image_reader.cc(340)] could not read dos header from C:\Windows\SYSTEM32\dhcpcsvc.DLL
[0317/185645.180:ERROR:process_memory_win.cc(73)] ReadMemory at 0x7ffa0e970000 of 64 bytes failed: Only part of a ReadProcessMemory or WriteProcessMemory request was completed. (0x12B)
[0317/185645.180:WARNING:pe_image_reader.cc(340)] could not read dos header from C:\Windows\System32\NSI.dll
[0317/185645.180:ERROR:process_memory_win.cc(73)] ReadMemory at 0x7ffa0a110000 of 64 bytes failed: Only part of a ReadProcessMemory or WriteProcessMemory request was completed. (0x12B)
[0317/185645.180:WARNING:pe_image_reader.cc(340)] could not read dos header from C:\Windows\SYSTEM32\WINMMBASE.dll
[0317/185645.180:ERROR:process_memory_win.cc(73)] ReadMemory at 0x7ffa0d5f0000 of 64 bytes failed: Only part of a ReadProcessMemory or WriteProcessMemory request was completed. (0x12B)
[0317/185645.180:WARNING:pe_image_reader.cc(340)] could not read dos header from C:\Windows\System32\cfgmgr32.dll
[0317/185645.180:ERROR:process_memory_win.cc(73)] ReadMemory at 0x7ffa08fe0000 of 64 bytes failed: Only part of a ReadProcessMemory or WriteProcessMemory request was completed. (0x12B)
[0317/185645.180:WARNING:pe_image_reader.cc(340)] could not read dos header from C:\Windows\SYSTEM32\PROPSYS.dll
[0317/185645.180:ERROR:process_memory_win.cc(73)] ReadMemory at 0x7ffa0f440000 of 64 bytes failed: Only part of a ReadProcessMemory or WriteProcessMemory request was completed. (0x12B)
[0317/185645.180:WARNING:pe_image_reader.cc(340)] could not read dos header from C:\Windows\System32\shcore.dll
[0317/185645.180:ERROR:process_memory_win.cc(73)] ReadMemory at 0x7ffa0c540000 of 64 bytes failed: Only part of a ReadProcessMemory or WriteProcessMemory request was completed. (0x12B)
[0317/185645.180:WARNING:pe_image_reader.cc(340)] could not read dos header from C:\Windows\SYSTEM32\SSPICLI.DLL
[0317/185645.180:ERROR:process_memory_win.cc(73)] ReadMemory at 0x7ffa0e980000 of 64 bytes failed: Only part of a ReadProcessMemory or WriteProcessMemory request was completed. (0x12B)
[0317/185645.180:WARNING:pe_image_reader.cc(340)] could not read dos header from C:\Windows\System32\SHELL32.dll
[0317/185645.180:ERROR:process_memory_win.cc(73)] ReadMemory at 0x7ffa0c6f0000 of 64 bytes failed: Only part of a ReadProcessMemory or WriteProcessMemory request was completed. (0x12B)
[0317/185645.180:WARNING:pe_image_reader.cc(340)] could not read dos header from C:\Windows\System32\windows.storage.dll
[0317/185645.180:ERROR:process_memory_win.cc(73)] ReadMemory at 0x7ffa0c650000 of 64 bytes failed: Only part of a ReadProcessMemory or WriteProcessMemory request was completed. (0x12B)
[0317/185645.180:WARNING:pe_image_reader.cc(340)] could not read dos header from C:\Windows\System32\powrprof.dll
[0317/185645.180:ERROR:process_memory_win.cc(73)] ReadMemory at 0x7ffa0c620000 of 64 bytes failed: Only part of a ReadProcessMemory or WriteProcessMemory request was completed. (0x12B)
[0317/185645.180:WARNING:pe_image_reader.cc(340)] could not read dos header from C:\Windows\System32\UMPDC.dll
[0317/185645.181:ERROR:process_memory_win.cc(73)] ReadMemory at 0x7ffa0d910000 of 64 bytes failed: Only part of a ReadProcessMemory or WriteProcessMemory request was completed. (0x12B)
[0317/185645.181:WARNING:pe_image_reader.cc(340)] could not read dos header from C:\Windows\System32\shlwapi.dll
[0317/185645.181:ERROR:process_memory_win.cc(73)] ReadMemory at 0x7ffa0d810000 of 64 bytes failed: Only part of a ReadProcessMemory or WriteProcessMemory request was completed. (0x12B)
[0317/185645.181:WARNING:pe_image_reader.cc(340)] could not read dos header from C:\Windows\System32\GDI32.dll
[0317/185645.181:ERROR:process_memory_win.cc(73)] ReadMemory at 0x7ffa0d310000 of 64 bytes failed: Only part of a ReadProcessMemory or WriteProcessMemory request was completed. (0x12B)
[0317/185645.181:WARNING:pe_image_reader.cc(340)] could not read dos header from C:\Windows\System32\win32u.dll
[0317/185645.181:ERROR:process_memory_win.cc(73)] ReadMemory at 0x7ffa0d640000 of 64 bytes failed: Only part of a ReadProcessMemory or WriteProcessMemory request was completed. (0x12B)
[0317/185645.181:WARNING:pe_image_reader.cc(340)] could not read dos header from C:\Windows\System32\gdi32full.dll
[0317/185645.181:ERROR:process_memory_win.cc(73)] ReadMemory at 0x7ffa0f0a0000 of 64 bytes failed: Only part of a ReadProcessMemory or WriteProcessMemory request was completed. (0x12B)
[0317/185645.181:WARNING:pe_image_reader.cc(340)] could not read dos header from C:\Windows\System32\USER32.dll
[0317/185645.181:ERROR:process_memory_win.cc(73)] ReadMemory at 0x7ffa0d520000 of 64 bytes failed: Only part of a ReadProcessMemory or WriteProcessMemory request was completed. (0x12B)
[0317/185645.181:WARNING:pe_image_reader.cc(340)] could not read dos header from C:\Windows\System32\cryptsp.dll
[0317/185645.181:ERROR:process_memory_win.cc(73)] ReadMemory at 0x7ffa0f070000 of 64 bytes failed: Only part of a ReadProcessMemory or WriteProcessMemory request was completed. (0x12B)
[0317/185645.181:WARNING:pe_image_reader.cc(340)] could not read dos header from C:\Windows\System32\IMM32.DLL
[0317/185645.181:ERROR:process_memory_win.cc(73)] ReadMemory at 0x7ffa0c000000 of 64 bytes failed: Only part of a ReadProcessMemory or WriteProcessMemory request was completed. (0x12B)
[0317/185645.181:WARNING:pe_image_reader.cc(340)] could not read dos header from C:\Windows\SYSTEM32\CRYPTBASE.DLL
[0317/185645.181:ERROR:process_memory_win.cc(73)] ReadMemory at 0x7ff6ed000000 of 64 bytes failed: Only part of a ReadProcessMemory or WriteProcessMemory request was completed. (0x12B)
[0317/185645.181:WARNING:pe_image_reader.cc(340)] could not read dos header from C:\Program Files (x86)\Google\Chrome\Application\chrome.exe
[0317/185645.181:ERROR:process_memory_win.cc(73)] ReadMemory at 0x7ffa0f760000 of 64 bytes failed: Only part of a ReadProcessMemory or WriteProcessMemory request was completed. (0x12B)
[0317/185645.181:WARNING:pe_image_reader.cc(340)] could not read dos header from C:\Windows\SYSTEM32\ntdll.dll
[0317/185645.181:ERROR:process_memory_win.cc(73)] ReadMemory at 0x7ffa0e810000 of 64 bytes failed: Only part of a ReadProcessMemory or WriteProcessMemory request was completed. (0x12B)
[0317/185645.181:WARNING:pe_image_reader.cc(340)] could not read dos header from C:\Windows\System32\KERNEL32.DLL
[0317/185645.181:ERROR:process_memory_win.cc(73)] ReadMemory at 0x7ffa0d060000 of 64 bytes failed: Only part of a ReadProcessMemory or WriteProcessMemory request was completed. (0x12B)
[0317/185645.182:WARNING:pe_image_reader.cc(340)] could not read dos header from C:\Windows\System32\KERNELBASE.dll
[0317/185645.182:ERROR:process_memory_win.cc(73)] ReadMemory at 0x7ff9e6b00000 of 64 bytes failed: Only part of a ReadProcessMemory or WriteProcessMemory request was completed. (0x12B)
[0317/185645.182:WARNING:pe_image_reader.cc(340)] could not read dos header from C:\Program Files (x86)\Google\Chrome\Application\80.0.3987.132\chrome_elf.dll
[0317/185645.182:ERROR:process_memory_win.cc(73)] ReadMemory at 0x7ff9fbf60000 of 64 bytes failed: Only part of a ReadProcessMemory or WriteProcessMemory request was completed. (0x12B)
[0317/185645.182:WARNING:pe_image_reader.cc(340)] could not read dos header from C:\Windows\SYSTEM32\VERSION.dll
[0317/185645.182:ERROR:process_memory_win.cc(73)] ReadMemory at 0x7ffa0da20000 of 64 bytes failed: Only part of a ReadProcessMemory or WriteProcessMemory request was completed. (0x12B)
[0317/185645.182:WARNING:pe_image_reader.cc(340)] could not read dos header from C:\Windows\System32\msvcrt.dll
[0317/185645.182:ERROR:process_memory_win.cc(73)] ReadMemory at 0x7ffa0d340000 of 64 bytes failed: Only part of a ReadProcessMemory or WriteProcessMemory request was completed. (0x12B)
[0317/185645.182:WARNING:pe_image_reader.cc(340)] could not read dos header from C:\Windows\System32\bcryptPrimitives.dll
[0317/185645.182:ERROR:process_memory_win.cc(73)] ReadMemory at 0x7ffa0d970000 of 64 bytes failed: Only part of a ReadProcessMemory or WriteProcessMemory request was completed. (0x12B)
[0317/185645.182:WARNING:pe_image_reader.cc(340)] could not read dos header from C:\Windows\System32\ADVAPI32.dll
[0317/185645.182:ERROR:process_memory_win.cc(73)] ReadMemory at 0x20e02f10000 of 64 bytes failed: Only part of a ReadProcessMemory or WriteProcessMemory request was completed. (0x12B)
[0317/185645.182:WARNING:pe_image_reader.cc(340)] could not read dos header from C:\Windows\System32\sechost.dll
[0317/185645.182:ERROR:process_memory_win.cc(73)] ReadMemory at 0x7ffa0e670000 of 64 bytes failed: Only part of a ReadProcessMemory or WriteProcessMemory request was completed. (0x12B)
[0317/185645.182:WARNING:pe_image_reader.cc(340)] could not read dos header from C:\Windows\System32\RPCRT4.dll
[0317/185645.182:ERROR:process_memory_win.cc(73)] ReadMemory at 0x7ff9d6160000 of 64 bytes failed: Only part of a ReadProcessMemory or WriteProcessMemory request was completed. (0x12B)
[0317/185645.182:WARNING:pe_image_reader.cc(340)] could not read dos header from C:\Program Files (x86)\Google\Chrome\Application\80.0.3987.132\chrome.dll
[0317/185645.182:ERROR:process_memory_win.cc(73)] ReadMemory at 0x7ffa0e5f0000 of 64 bytes failed: Only part of a ReadProcessMemory or WriteProcessMemory request was completed. (0x12B)
[0317/185645.182:WARNING:pe_image_reader.cc(340)] could not read dos header from C:\Windows\System32\WS2_32.dll
[0317/185645.182:ERROR:process_memory_win.cc(73)] ReadMemory at 0x7ffa0e520000 of 64 bytes failed: Only part of a ReadProcessMemory or WriteProcessMemory request was completed. (0x12B)
[0317/185645.182:WARNING:pe_image_reader.cc(340)] could not read dos header from C:\Windows\System32\OLEAUT32.dll
[0317/185645.182:ERROR:process_memory_win.cc(73)] ReadMemory at 0x7ffa0ce70000 of 64 bytes failed: Only part of a ReadProcessMemory or WriteProcessMemory request was completed. (0x12B)
[0317/185645.182:WARNING:pe_image_reader.cc(340)] could not read dos header from C:\Windows\System32\msvcp_win.dll
[0317/185645.182:ERROR:process_memory_win.cc(73)] ReadMemory at 0x7ffa0d420000 of 64 bytes failed: Only part of a ReadProcessMemory or WriteProcessMemory request was completed. (0x12B)
[0317/185645.183:WARNING:pe_image_reader.cc(340)] could not read dos header from C:\Windows\System32\ucrtbase.dll
[0317/185645.183:ERROR:process_memory_win.cc(73)] ReadMemory at 0x7ffa0e1c0000 of 64 bytes failed: Only part of a ReadProcessMemory or WriteProcessMemory request was completed. (0x12B)
[0317/185645.183:WARNING:pe_image_reader.cc(340)] could not read dos header from C:\Windows\System32\combase.dll
[0317/185645.183:ERROR:process_memory_win.cc(73)] ReadMemory at 0x7ffa0d3c0000 of 64 bytes failed: Only part of a ReadProcessMemory or WriteProcessMemory request was completed. (0x12B)
[0317/185645.183:WARNING:pe_image_reader.cc(340)] could not read dos header from C:\Windows\System32\WINTRUST.dll
[0317/185645.183:ERROR:process_memory_win.cc(73)] ReadMemory at 0x7ffa0c6a0000 of 64 bytes failed: Only part of a ReadProcessMemory or WriteProcessMemory request was completed. (0x12B)
[0317/185645.183:WARNING:pe_image_reader.cc(340)] could not read dos header from C:\Windows\System32\MSASN1.dll
[0317/185645.183:ERROR:process_memory_win.cc(73)] ReadMemory at 0x7ffa0cf10000 of 64 bytes failed: Only part of a ReadProcessMemory or WriteProcessMemory request was completed. (0x12B)
[0317/185645.183:WARNING:pe_image_reader.cc(340)] could not read dos header from C:\Windows\System32\CRYPT32.dll
[0317/185645.183:ERROR:process_memory_win.cc(73)] ReadMemory at 0x7ffa0bb40000 of 64 bytes failed: Only part of a ReadProcessMemory or WriteProcessMemory request was completed. (0x12B)
[0317/185645.183:WARNING:pe_image_reader.cc(340)] could not read dos header from C:\Windows\SYSTEM32\IPHLPAPI.DLL
[0317/185645.183:ERROR:process_memory_win.cc(73)] ReadMemory at 0x7ffa0a140000 of 64 bytes failed: Only part of a ReadProcessMemory or WriteProcessMemory request was completed. (0x12B)
[0317/185645.183:WARNING:pe_image_reader.cc(340)] could not read dos header from C:\Windows\SYSTEM32\WINMM.dll
[0317/185645.183:ERROR:process_memory_win.cc(73)] ReadMemory at 0x7ff9f2ee0000 of 64 bytes failed: Only part of a ReadProcessMemory or WriteProcessMemory request was completed. (0x12B)
[0317/185645.183:WARNING:pe_image_reader.cc(340)] could not read dos header from C:\Windows\SYSTEM32\Secur32.dll
[0317/185645.183:ERROR:process_memory_win.cc(73)] ReadMemory at 0x7ffa0c510000 of 64 bytes failed: Only part of a ReadProcessMemory or WriteProcessMemory request was completed. (0x12B)
[0317/185645.183:WARNING:pe_image_reader.cc(340)] could not read dos header from C:\Windows\SYSTEM32\USERENV.dll
[0317/185645.183:ERROR:process_memory_win.cc(73)] ReadMemory at 0x7ffa0c6c0000 of 64 bytes failed: Only part of a ReadProcessMemory or WriteProcessMemory request was completed. (0x12B)
[0317/185645.183:WARNING:pe_image_reader.cc(340)] could not read dos header from C:\Windows\System32\profapi.dll
[0317/185645.183:ERROR:process_memory_win.cc(73)] ReadMemory at 0x7ff9e6fb0000 of 64 bytes failed: Only part of a ReadProcessMemory or WriteProcessMemory request was completed. (0x12B)
[0317/185645.183:WARNING:pe_image_reader.cc(340)] could not read dos header from C:\Windows\SYSTEM32\UIAutomationCore.DLL
[0317/185645.183:ERROR:process_memory_win.cc(73)] ReadMemory at 0x7ff9f80a0000 of 64 bytes failed: Only part of a ReadProcessMemory or WriteProcessMemory request was completed. (0x12B)
[0317/185645.183:WARNING:pe_image_reader.cc(340)] could not read dos header from C:\Windows\SYSTEM32\DWrite.dll
[0317/185645.183:ERROR:process_memory_win.cc(73)] ReadMemory at 0x7ff9f1b60000 of 64 bytes failed: Only part of a ReadProcessMemory or WriteProcessMemory request was completed. (0x12B)
[0317/185645.183:WARNING:pe_image_reader.cc(340)] could not read dos header from C:\Windows\SYSTEM32\WINSPOOL.DRV
[0317/185645.184:ERROR:process_memory_win.cc(73)] ReadMemory at 0x7ffa0c630000 of 64 bytes failed: Only part of a ReadProcessMemory or WriteProcessMemory request was completed. (0x12B)
[0317/185645.184:WARNING:pe_image_reader.cc(340)] could not read dos header from C:\Windows\System32\kernel.appcore.dll
[0317/185645.184:ERROR:process_memory_win.cc(73)] ReadMemory at 0x7ffa0d7e0000 of 64 bytes failed: Only part of a ReadProcessMemory or WriteProcessMemory request was completed. (0x12B)
[0317/185645.184:WARNING:pe_image_reader.cc(340)] could not read dos header from C:\Windows\System32\bcrypt.dll
[0317/185645.184:ERROR:process_memory_win.cc(73)] ReadMemory at 0x7ff9fd980000 of 64 bytes failed: Only part of a ReadProcessMemory or WriteProcessMemory request was completed. (0x12B)
[0317/185645.184:WARNING:pe_image_reader.cc(340)] could not read dos header from C:\Windows\SYSTEM32\dbghelp.dll
[0317/185645.184:ERROR:process_memory_win.cc(73)] ReadMemory at 0x7ffa074f0000 of 64 bytes failed: Only part of a ReadProcessMemory or WriteProcessMemory request was completed. (0x12B)
[0317/185645.184:WARNING:pe_image_reader.cc(340)] could not read dos header from C:\Windows\SYSTEM32\WINHTTP.dll
[0317/185645.184:ERROR:process_memory_win.cc(73)] ReadMemory at 0x7ffa05500000 of 64 bytes failed: Only part of a ReadProcessMemory or WriteProcessMemory request was completed. (0x12B)
[0317/185645.184:WARNING:pe_image_reader.cc(340)] could not read dos header from C:\Windows\SYSTEM32\dhcpcsvc.DLL
[0317/185645.184:ERROR:process_memory_win.cc(73)] ReadMemory at 0x7ffa0e970000 of 64 bytes failed: Only part of a ReadProcessMemory or WriteProcessMemory request was completed. (0x12B)
[0317/185645.184:WARNING:pe_image_reader.cc(340)] could not read dos header from C:\Windows\System32\NSI.dll
[0317/185645.184:ERROR:process_memory_win.cc(73)] ReadMemory at 0x7ffa0a110000 of 64 bytes failed: Only part of a ReadProcessMemory or WriteProcessMemory request was completed. (0x12B)
[0317/185645.184:WARNING:pe_image_reader.cc(340)] could not read dos header from C:\Windows\SYSTEM32\WINMMBASE.dll
[0317/185645.184:ERROR:process_memory_win.cc(73)] ReadMemory at 0x7ffa0d5f0000 of 64 bytes failed: Only part of a ReadProcessMemory or WriteProcessMemory request was completed. (0x12B)
[0317/185645.184:WARNING:pe_image_reader.cc(340)] could not read dos header from C:\Windows\System32\cfgmgr32.dll
[0317/185645.184:ERROR:process_memory_win.cc(73)] ReadMemory at 0x7ffa08fe0000 of 64 bytes failed: Only part of a ReadProcessMemory or WriteProcessMemory request was completed. (0x12B)
[0317/185645.184:WARNING:pe_image_reader.cc(340)] could not read dos header from C:\Windows\SYSTEM32\PROPSYS.dll
[0317/185645.184:ERROR:process_memory_win.cc(73)] ReadMemory at 0x7ffa0f440000 of 64 bytes failed: Only part of a ReadProcessMemory or WriteProcessMemory request was completed. (0x12B)
[0317/185645.184:WARNING:pe_image_reader.cc(340)] could not read dos header from C:\Windows\System32\shcore.dll
[0317/185645.184:ERROR:process_memory_win.cc(73)] ReadMemory at 0x7ffa0c540000 of 64 bytes failed: Only part of a ReadProcessMemory or WriteProcessMemory request was completed. (0x12B)
[0317/185645.184:WARNING:pe_image_reader.cc(340)] could not read dos header from C:\Windows\SYSTEM32\SSPICLI.DLL
[0317/185645.184:ERROR:process_memory_win.cc(73)] ReadMemory at 0x7ffa0e980000 of 64 bytes failed: Only part of a ReadProcessMemory or WriteProcessMemory request was completed. (0x12B)
[0317/185645.184:WARNING:pe_image_reader.cc(340)] could not read dos header from C:\Windows\System32\SHELL32.dll
[0317/185645.184:ERROR:process_memory_win.cc(73)] ReadMemory at 0x7ffa0c6f0000 of 64 bytes failed: Only part of a ReadProcessMemory or WriteProcessMemory request was completed. (0x12B)
[0317/185645.184:WARNING:pe_image_reader.cc(340)] could not read dos header from C:\Windows\System32\windows.storage.dll
[0317/185645.184:ERROR:process_memory_win.cc(73)] ReadMemory at 0x7ffa0c650000 of 64 bytes failed: Only part of a ReadProcessMemory or WriteProcessMemory request was completed. (0x12B)
[0317/185645.184:WARNING:pe_image_reader.cc(340)] could not read dos header from C:\Windows\System32\powrprof.dll
[0317/185645.184:ERROR:process_memory_win.cc(73)] ReadMemory at 0x7ffa0c620000 of 64 bytes failed: Only part of a ReadProcessMemory or WriteProcessMemory request was completed. (0x12B)
[0317/185645.184:WARNING:pe_image_reader.cc(340)] could not read dos header from C:\Windows\System32\UMPDC.dll
[0317/185645.185:ERROR:process_memory_win.cc(73)] ReadMemory at 0x7ffa0d910000 of 64 bytes failed: Only part of a ReadProcessMemory or WriteProcessMemory request was completed. (0x12B)
[0317/185645.185:WARNING:pe_image_reader.cc(340)] could not read dos header from C:\Windows\System32\shlwapi.dll
[0317/185645.185:ERROR:process_memory_win.cc(73)] ReadMemory at 0x7ffa0d810000 of 64 bytes failed: Only part of a ReadProcessMemory or WriteProcessMemory request was completed. (0x12B)
[0317/185645.185:WARNING:pe_image_reader.cc(340)] could not read dos header from C:\Windows\System32\GDI32.dll
[0317/185645.185:ERROR:process_memory_win.cc(73)] ReadMemory at 0x7ffa0d310000 of 64 bytes failed: Only part of a ReadProcessMemory or WriteProcessMemory request was completed. (0x12B)
[0317/185645.185:WARNING:pe_image_reader.cc(340)] could not read dos header from C:\Windows\System32\win32u.dll
[0317/185645.185:ERROR:process_memory_win.cc(73)] ReadMemory at 0x7ffa0d640000 of 64 bytes failed: Only part of a ReadProcessMemory or WriteProcessMemory request was completed. (0x12B)
[0317/185645.185:WARNING:pe_image_reader.cc(340)] could not read dos header from C:\Windows\System32\gdi32full.dll
[0317/185645.185:ERROR:process_memory_win.cc(73)] ReadMemory at 0x7ffa0f0a0000 of 64 bytes failed: Only part of a ReadProcessMemory or WriteProcessMemory request was completed. (0x12B)
[0317/185645.185:WARNING:pe_image_reader.cc(340)] could not read dos header from C:\Windows\System32\USER32.dll
[0317/185645.185:ERROR:process_memory_win.cc(73)] ReadMemory at 0x7ffa0d520000 of 64 bytes failed: Only part of a ReadProcessMemory or WriteProcessMemory request was completed. (0x12B)
[0317/185645.185:WARNING:pe_image_reader.cc(340)] could not read dos header from C:\Windows\System32\cryptsp.dll
[0317/185645.185:ERROR:process_memory_win.cc(73)] ReadMemory at 0x7ffa0f070000 of 64 bytes failed: Only part of a ReadProcessMemory or WriteProcessMemory request was completed. (0x12B)
[0317/185645.185:WARNING:pe_image_reader.cc(340)] could not read dos header from C:\Windows\System32\IMM32.DLL
[0317/185645.185:ERROR:process_memory_win.cc(73)] ReadMemory at 0x7ffa0c000000 of 64 bytes failed: Only part of a ReadProcessMemory or WriteProcessMemory request was completed. (0x12B)
[0317/185645.185:WARNING:pe_image_reader.cc(340)] could not read dos header from C:\Windows\SYSTEM32\CRYPTBASE.DLL
[0317/185645.197:ERROR:process_memory_win.cc(73)] ReadMemory at 0x20697f1000 of 61440 bytes failed: Only part of a ReadProcessMemory or WriteProcessMemory request was completed. (0x12B)
[0317/185645.198:ERROR:process_memory_win.cc(73)] ReadMemory at 0x2069ffd000 of 12288 bytes failed: Only part of a ReadProcessMemory or WriteProcessMemory request was completed. (0x12B)
[0317/185645.198:ERROR:process_memory_win.cc(73)] ReadMemory at 0x206a7f8000 of 32768 bytes failed: Only part of a ReadProcessMemory or WriteProcessMemory request was completed. (0x12B)
[0317/185645.198:ERROR:process_memory_win.cc(73)] ReadMemory at 0x206affd000 of 12288 bytes failed: Only part of a ReadProcessMemory or WriteProcessMemory request was completed. (0x12B)
[0317/185645.198:ERROR:process_memory_win.cc(73)] ReadMemory at 0x206b7fb000 of 20480 bytes failed: Only part of a ReadProcessMemory or WriteProcessMemory request was completed. (0x12B)
[0317/185645.198:ERROR:process_memory_win.cc(73)] ReadMemory at 0x206bffe000 of 8192 bytes failed: Only part of a ReadProcessMemory or WriteProcessMemory request was completed. (0x12B)
[0317/185645.198:ERROR:process_memory_win.cc(73)] ReadMemory at 0x206c7fd000 of 12288 bytes failed: Only part of a ReadProcessMemory or WriteProcessMemory request was completed. (0x12B)
[0317/185645.198:ERROR:process_memory_win.cc(73)] ReadMemory at 0x206cffb000 of 20480 bytes failed: Only part of a ReadProcessMemory or WriteProcessMemory request was completed. (0x12B)
[0317/185645.198:ERROR:process_memory_win.cc(73)] ReadMemory at 0x206d7fd000 of 12288 bytes failed: Only part of a ReadProcessMemory or WriteProcessMemory request was completed. (0x12B)
[0317/185645.198:ERROR:process_memory_win.cc(73)] ReadMemory at 0x206dffc000 of 16384 bytes failed: Only part of a ReadProcessMemory or WriteProcessMemory request was completed. (0x12B)
[0317/185645.198:ERROR:process_memory_win.cc(73)] ReadMemory at 0x206e7fb000 of 20480 bytes failed: Only part of a ReadProcessMemory or WriteProcessMemory request was completed. (0x12B)
[0317/185645.199:ERROR:process_memory_win.cc(73)] ReadMemory at 0x206effd000 of 12288 bytes failed: Only part of a ReadProcessMemory or WriteProcessMemory request was completed. (0x12B)
[0317/185645.199:ERROR:process_memory_win.cc(73)] ReadMemory at 0x206f7f6000 of 40960 bytes failed: Only part of a ReadProcessMemory or WriteProcessMemory request was completed. (0x12B)
[0317/185645.199:ERROR:process_memory_win.cc(73)] ReadMemory at 0x206fffd000 of 12288 bytes failed: Only part of a ReadProcessMemory or WriteProcessMemory request was completed. (0x12B)
[0317/185645.199:ERROR:process_memory_win.cc(73)] ReadMemory at 0x20707fc000 of 16384 bytes failed: Only part of a ReadProcessMemory or WriteProcessMemory request was completed. (0x12B)
[0317/185645.199:ERROR:process_memory_win.cc(73)] ReadMemory at 0x2070ffd000 of 12288 bytes failed: Only part of a ReadProcessMemory or WriteProcessMemory request was completed. (0x12B)
[0317/185645.199:ERROR:process_memory_win.cc(73)] ReadMemory at 0x2068eff000 of 852 bytes failed: Only part of a ReadProcessMemory or WriteProcessMemory request was completed. (0x12B)
[0317/185645.199:ERROR:process_memory_win.cc(73)] ReadMemory at 0x2068f00000 of 6024 bytes failed: Only part of a ReadProcessMemory or WriteProcessMemory request was completed. (0x12B)
[0317/185645.199:ERROR:process_memory_win.cc(73)] ReadMemory at 0x2068f02000 of 6024 bytes failed: Only part of a ReadProcessMemory or WriteProcessMemory request was completed. (0x12B)
[0317/185645.199:ERROR:process_memory_win.cc(73)] ReadMemory at 0x2068f04000 of 6024 bytes failed: Only part of a ReadProcessMemory or WriteProcessMemory request was completed. (0x12B)
[0317/185645.199:ERROR:process_memory_win.cc(73)] ReadMemory at 0x2068f06000 of 6024 bytes failed: Only part of a ReadProcessMemory or WriteProcessMemory request was completed. (0x12B)
[0317/185645.199:ERROR:process_memory_win.cc(73)] ReadMemory at 0x2068f08000 of 6024 bytes failed: Only part of a ReadProcessMemory or WriteProcessMemory request was completed. (0x12B)
[0317/185645.199:ERROR:process_memory_win.cc(73)] ReadMemory at 0x2068f0a000 of 6024 bytes failed: Only part of a ReadProcessMemory or WriteProcessMemory request was completed. (0x12B)
[0317/185645.200:ERROR:process_memory_win.cc(73)] ReadMemory at 0x2068f0c000 of 6024 bytes failed: Only part of a ReadProcessMemory or WriteProcessMemory request was completed. (0x12B)
[0317/185645.200:ERROR:process_memory_win.cc(73)] ReadMemory at 0x2068f0e000 of 6024 bytes failed: Only part of a ReadProcessMemory or WriteProcessMemory request was completed. (0x12B)
[0317/185645.200:ERROR:process_memory_win.cc(73)] ReadMemory at 0x2068f10000 of 6024 bytes failed: Only part of a ReadProcessMemory or WriteProcessMemory request was completed. (0x12B)
[0317/185645.200:ERROR:process_memory_win.cc(73)] ReadMemory at 0x2068f12000 of 6024 bytes failed: Only part of a ReadProcessMemory or WriteProcessMemory request was completed. (0x12B)
[0317/185645.200:ERROR:process_memory_win.cc(73)] ReadMemory at 0x2068f14000 of 6024 bytes failed: Only part of a ReadProcessMemory or WriteProcessMemory request was completed. (0x12B)
[0317/185645.200:ERROR:process_memory_win.cc(73)] ReadMemory at 0x2068f16000 of 6024 bytes failed: Only part of a ReadProcessMemory or WriteProcessMemory request was completed. (0x12B)
[0317/185645.200:ERROR:process_memory_win.cc(73)] ReadMemory at 0x2068f18000 of 6024 bytes failed: Only part of a ReadProcessMemory or WriteProcessMemory request was completed. (0x12B)
[0317/185645.200:ERROR:process_memory_win.cc(73)] ReadMemory at 0x2068f1a000 of 6024 bytes failed: Only part of a ReadProcessMemory or WriteProcessMemory request was completed. (0x12B)
[0317/185645.200:ERROR:process_memory_win.cc(73)] ReadMemory at 0x2068f1c000 of 6024 bytes failed: Only part of a ReadProcessMemory or WriteProcessMemory request was completed. (0x12B)
[0317/185645.200:ERROR:process_memory_win.cc(73)] ReadMemory at 0x2068f1e000 of 6024 bytes failed: Only part of a ReadProcessMemory or WriteProcessMemory request was completed. (0x12B)
[0317/185645.200:ERROR:process_memory_win.cc(73)] ReadMemory at 0x20e02c30750 of 80 bytes failed: Only part of a ReadProcessMemory or WriteProcessMemory request was completed. (0x12B)
[0317/185645.200:ERROR:process_memory_win.cc(73)] ReadMemory at 0x20e02c30fe0 of 18102 bytes failed: Only part of a ReadProcessMemory or WriteProcessMemory request was completed. (0x12B)
[0317/185645.202:ERROR:process_memory_win.cc(73)] ReadMemory at 0x20e02c356a0 of 1012 bytes failed: Only part of a ReadProcessMemory or WriteProcessMemory request was completed. (0x12B)
[0317/185645.202:ERROR:process_memory_win.cc(73)] ReadMemory at 0x20e02c35ce8 of 156 bytes failed: Only part of a ReadProcessMemory or WriteProcessMemory request was completed. (0x12B)
[0317/185645.202:ERROR:process_memory_win.cc(73)] ReadMemory at 0x20e02c35d86 of 118 bytes failed: Only part of a ReadProcessMemory or WriteProcessMemory request was completed. (0x12B)
[0317/185645.202:ERROR:process_memory_win.cc(73)] ReadMemory at 0x20e02c35dfe of 1356 bytes failed: Only part of a ReadProcessMemory or WriteProcessMemory request was completed. (0x12B)
[0317/185645.202:ERROR:process_memory_win.cc(73)] ReadMemory at 0x20e02c3634c of 118 bytes failed: Only part of a ReadProcessMemory or WriteProcessMemory request was completed. (0x12B)
[0317/185645.202:ERROR:process_memory_win.cc(73)] ReadMemory at 0x20e02c363c4 of 96 bytes failed: Only part of a ReadProcessMemory or WriteProcessMemory request was completed. (0x12B)
[0317/185645.202:ERROR:process_memory_win.cc(73)] ReadMemory at 0x20e02c36430 of 58 bytes failed: Only part of a ReadProcessMemory or WriteProcessMemory request was completed. (0x12B)
[0317/185645.202:ERROR:process_memory_win.cc(73)] ReadMemory at 0x20e02c365e0 of 132 bytes failed: Only part of a ReadProcessMemory or WriteProcessMemory request was completed. (0x12B)
[0317/185645.202:ERROR:process_memory_win.cc(73)] ReadMemory at 0x20e02c36770 of 132 bytes failed: Only part of a ReadProcessMemory or WriteProcessMemory request was completed. (0x12B)
[0317/185645.202:ERROR:process_memory_win.cc(73)] ReadMemory at 0x20e02c36930 of 126 bytes failed: Only part of a ReadProcessMemory or WriteProcessMemory request was completed. (0x12B)
[0317/185645.202:ERROR:process_memory_win.cc(73)] ReadMemory at 0x20e02c36d10 of 132 bytes failed: Only part of a ReadProcessMemory or WriteProcessMemory request was completed. (0x12B)
[0317/185645.202:ERROR:process_memory_win.cc(73)] ReadMemory at 0x20e02c36ea0 of 64 bytes failed: Only part of a ReadProcessMemory or WriteProcessMemory request was completed. (0x12B)
[0317/185645.202:ERROR:process_memory_win.cc(73)] ReadMemory at 0x20e02c36ef0 of 132 bytes failed: Only part of a ReadProcessMemory or WriteProcessMemory request was completed. (0x12B)
[0317/185645.202:ERROR:process_memory_win.cc(73)] ReadMemory at 0x20e02c37060 of 132 bytes failed: Only part of a ReadProcessMemory or WriteProcessMemory request was completed. (0x12B)
[0317/185645.202:ERROR:process_memory_win.cc(73)] ReadMemory at 0x20e02c37300 of 132 bytes failed: Only part of a ReadProcessMemory or WriteProcessMemory request was completed. (0x12B)
[0317/185645.202:ERROR:process_memory_win.cc(73)] ReadMemory at 0x20e02c37490 of 68 bytes failed: Only part of a ReadProcessMemory or WriteProcessMemory request was completed. (0x12B)
[0317/185645.202:ERROR:process_memory_win.cc(73)] ReadMemory at 0x20e02c38680 of 132 bytes failed: Only part of a ReadProcessMemory or WriteProcessMemory request was completed. (0x12B)
[0317/185645.202:ERROR:process_memory_win.cc(73)] ReadMemory at 0x20e02c38810 of 154 bytes failed: Only part of a ReadProcessMemory or WriteProcessMemory request was completed. (0x12B)
[0317/185645.202:ERROR:process_memory_win.cc(73)] ReadMemory at 0x20e02c39620 of 62 bytes failed: Only part of a ReadProcessMemory or WriteProcessMemory request was completed. (0x12B)
[0317/185645.202:ERROR:process_memory_win.cc(73)] ReadMemory at 0x20e02c396a0 of 146 bytes failed: Only part of a ReadProcessMemory or WriteProcessMemory request was completed. (0x12B)
[0317/185645.202:ERROR:process_memory_win.cc(73)] ReadMemory at 0x20e02c39780 of 132 bytes failed: Only part of a ReadProcessMemory or WriteProcessMemory request was completed. (0x12B)
[0317/185645.202:ERROR:process_memory_win.cc(73)] ReadMemory at 0x20e02c39910 of 60 bytes failed: Only part of a ReadProcessMemory or WriteProcessMemory request was completed. (0x12B)
[0317/185645.202:ERROR:process_memory_win.cc(73)] ReadMemory at 0x20e02c3a27c of 512 bytes failed: Only part of a ReadProcessMemory or WriteProcessMemory request was completed. (0x12B)
[0317/185645.203:ERROR:process_memory_win.cc(73)] ReadMemory at 0x20e02c3a690 of 132 bytes failed: Only part of a ReadProcessMemory or WriteProcessMemory request was completed. (0x12B)
[0317/185645.203:ERROR:process_memory_win.cc(73)] ReadMemory at 0x20e02c3a9f0 of 132 bytes failed: Only part of a ReadProcessMemory or WriteProcessMemory request was completed. (0x12B)
[0317/185645.203:ERROR:process_memory_win.cc(73)] ReadMemory at 0x20e02c3ac00 of 132 bytes failed: Only part of a ReadProcessMemory or WriteProcessMemory request was completed. (0x12B)
[0317/185645.203:ERROR:process_memory_win.cc(73)] ReadMemory at 0x20e02c3b3f0 of 132 bytes failed: Only part of a ReadProcessMemory or WriteProcessMemory request was completed. (0x12B)
[0317/185645.203:ERROR:process_memory_win.cc(73)] ReadMemory at 0x20e02c3e550 of 132 bytes failed: Only part of a ReadProcessMemory or WriteProcessMemory request was completed. (0x12B)
[0317/185645.203:ERROR:process_memory_win.cc(73)] ReadMemory at 0x20e02c3e7b0 of 132 bytes failed: Only part of a ReadProcessMemory or WriteProcessMemory request was completed. (0x12B)
[0317/185645.203:ERROR:process_memory_win.cc(73)] ReadMemory at 0x20e02c3e8e0 of 132 bytes failed: Only part of a ReadProcessMemory or WriteProcessMemory request was completed. (0x12B)
[0317/185645.203:ERROR:process_memory_win.cc(73)] ReadMemory at 0x20e02c3ea10 of 132 bytes failed: Only part of a ReadProcessMemory or WriteProcessMemory request was completed. (0x12B)
[0317/185645.203:ERROR:process_memory_win.cc(73)] ReadMemory at 0x20e02c3eb40 of 132 bytes failed: Only part of a ReadProcessMemory or WriteProcessMemory request was completed. (0x12B)
[0317/185645.203:ERROR:process_memory_win.cc(73)] ReadMemory at 0x20e02c3ec70 of 132 bytes failed: Only part of a ReadProcessMemory or WriteProcessMemory request was completed. (0x12B)
[0317/185645.203:ERROR:process_memory_win.cc(73)] ReadMemory at 0x20e02c3eda0 of 132 bytes failed: Only part of a ReadProcessMemory or WriteProcessMemory request was completed. (0x12B)
[0317/185645.203:ERROR:process_memory_win.cc(73)] ReadMemory at 0x20e02c3eed0 of 132 bytes failed: Only part of a ReadProcessMemory or WriteProcessMemory request was completed. (0x12B)
[0317/185645.204:ERROR:process_memory_win.cc(73)] ReadMemory at 0x20e02c3f130 of 132 bytes failed: Only part of a ReadProcessMemory or WriteProcessMemory request was completed. (0x12B)
[0317/185645.204:ERROR:process_memory_win.cc(73)] ReadMemory at 0x20e02c3f260 of 132 bytes failed: Only part of a ReadProcessMemory or WriteProcessMemory request was completed. (0x12B)
[0317/185645.204:ERROR:process_memory_win.cc(73)] ReadMemory at 0x20e02c3f390 of 132 bytes failed: Only part of a ReadProcessMemory or WriteProcessMemory request was completed. (0x12B)
[0317/185645.204:ERROR:process_memory_win.cc(73)] ReadMemory at 0x20e02c3f4c0 of 132 bytes failed: Only part of a ReadProcessMemory or WriteProcessMemory request was completed. (0x12B)
[0317/185645.204:ERROR:process_memory_win.cc(73)] ReadMemory at 0x20e02c3f5f0 of 132 bytes failed: Only part of a ReadProcessMemory or WriteProcessMemory request was completed. (0x12B)
[0317/185645.204:ERROR:process_memory_win.cc(73)] ReadMemory at 0x20e02c3f720 of 132 bytes failed: Only part of a ReadProcessMemory or WriteProcessMemory request was completed. (0x12B)
[0317/185645.204:ERROR:process_memory_win.cc(73)] ReadMemory at 0x20e02c3f850 of 132 bytes failed: Only part of a ReadProcessMemory or WriteProcessMemory request was completed. (0x12B)
[0317/185645.204:ERROR:process_memory_win.cc(73)] ReadMemory at 0x20e02c3f980 of 132 bytes failed: Only part of a ReadProcessMemory or WriteProcessMemory request was completed. (0x12B)
[0317/185645.204:ERROR:process_memory_win.cc(73)] ReadMemory at 0x20e02c3fab0 of 132 bytes failed: Only part of a ReadProcessMemory or WriteProcessMemory request was completed. (0x12B)
[0317/185645.204:ERROR:process_memory_win.cc(73)] ReadMemory at 0x20e02c3fbe0 of 132 bytes failed: Only part of a ReadProcessMemory or WriteProcessMemory request was completed. (0x12B)
[0317/185645.204:ERROR:process_memory_win.cc(73)] ReadMemory at 0x20e02c3fd10 of 132 bytes failed: Only part of a ReadProcessMemory or WriteProcessMemory request was completed. (0x12B)
[0317/185645.204:ERROR:process_memory_win.cc(73)] ReadMemory at 0x20e02c3fe40 of 132 bytes failed: Only part of a ReadProcessMemory or WriteProcessMemory request was completed. (0x12B)
[0317/185645.204:ERROR:process_memory_win.cc(73)] ReadMemory at 0x20e02c400a0 of 132 bytes failed: Only part of a ReadProcessMemory or WriteProcessMemory request was completed. (0x12B)
[0317/185645.205:ERROR:process_memory_win.cc(73)] ReadMemory at 0x20e02c41e10 of 76 bytes failed: Only part of a ReadProcessMemory or WriteProcessMemory request was completed. (0x12B)
[0317/185645.205:ERROR:process_memory_win.cc(73)] ReadMemory at 0x20e02c422f0 of 78 bytes failed: Only part of a ReadProcessMemory or WriteProcessMemory request was completed. (0x12B)
[0317/185645.205:ERROR:process_memory_win.cc(73)] ReadMemory at 0x20e02c423b0 of 80 bytes failed: Only part of a ReadProcessMemory or WriteProcessMemory request was completed. (0x12B)
[0317/185645.205:ERROR:process_memory_win.cc(73)] ReadMemory at 0x20e02c42c10 of 64 bytes failed: Only part of a ReadProcessMemory or WriteProcessMemory request was completed. (0x12B)
[0317/185645.205:ERROR:process_memory_win.cc(73)] ReadMemory at 0x20e02c42d50 of 62 bytes failed: Only part of a ReadProcessMemory or WriteProcessMemory request was completed. (0x12B)
[0317/185645.205:ERROR:process_memory_win.cc(73)] ReadMemory at 0x20e02c42e40 of 62 bytes failed: Only part of a ReadProcessMemory or WriteProcessMemory request was completed. (0x12B)
[0317/185645.205:ERROR:process_memory_win.cc(73)] ReadMemory at 0x20e02c42ee0 of 60 bytes failed: Only part of a ReadProcessMemory or WriteProcessMemory request was completed. (0x12B)
[0317/185645.205:ERROR:process_memory_win.cc(73)] ReadMemory at 0x20e02c42f30 of 62 bytes failed: Only part of a ReadProcessMemory or WriteProcessMemory request was completed. (0x12B)
[0317/185645.205:ERROR:process_memory_win.cc(73)] ReadMemory at 0x20e02c42f80 of 62 bytes failed: Only part of a ReadProcessMemory or WriteProcessMemory request was completed. (0x12B)
[0317/185645.205:ERROR:process_memory_win.cc(73)] ReadMemory at 0x20e02c43020 of 62 bytes failed: Only part of a ReadProcessMemory or WriteProcessMemory request was completed. (0x12B)
[0317/185645.205:ERROR:process_memory_win.cc(73)] ReadMemory at 0x20e02c430c0 of 62 bytes failed: Only part of a ReadProcessMemory or WriteProcessMemory request was completed. (0x12B)
[0317/185645.205:ERROR:process_memory_win.cc(73)] ReadMemory at 0x20e02c43200 of 66 bytes failed: Only part of a ReadProcessMemory or WriteProcessMemory request was completed. (0x12B)
[0317/185645.206:ERROR:process_memory_win.cc(73)] ReadMemory at 0x20e02c43340 of 60 bytes failed: Only part of a ReadProcessMemory or WriteProcessMemory request was completed. (0x12B)
[0317/185645.206:ERROR:process_memory_win.cc(73)] ReadMemory at 0x20e02c43390 of 60 bytes failed: Only part of a ReadProcessMemory or WriteProcessMemory request was completed. (0x12B)
[0317/185645.206:ERROR:process_memory_win.cc(73)] ReadMemory at 0x20e02c433e0 of 58 bytes failed: Only part of a ReadProcessMemory or WriteProcessMemory request was completed. (0x12B)
[0317/185645.206:ERROR:process_memory_win.cc(73)] ReadMemory at 0x20e02c43430 of 60 bytes failed: Only part of a ReadProcessMemory or WriteProcessMemory request was completed. (0x12B)
[0317/185645.206:ERROR:process_memory_win.cc(73)] ReadMemory at 0x20e02c43520 of 64 bytes failed: Only part of a ReadProcessMemory or WriteProcessMemory request was completed. (0x12B)
[0317/185645.206:ERROR:process_memory_win.cc(73)] ReadMemory at 0x20e02c43570 of 62 bytes failed: Only part of a ReadProcessMemory or WriteProcessMemory request was completed. (0x12B)
[0317/185645.206:ERROR:process_memory_win.cc(73)] ReadMemory at 0x20e02c435c0 of 64 bytes failed: Only part of a ReadProcessMemory or WriteProcessMemory request was completed. (0x12B)
[0317/185645.206:ERROR:process_memory_win.cc(73)] ReadMemory at 0x20e02c43610 of 60 bytes failed: Only part of a ReadProcessMemory or WriteProcessMemory request was completed. (0x12B)
[0317/185645.206:ERROR:process_memory_win.cc(73)] ReadMemory at 0x20e02c43660 of 66 bytes failed: Only part of a ReadProcessMemory or WriteProcessMemory request was completed. (0x12B)
[0317/185645.206:ERROR:process_memory_win.cc(73)] ReadMemory at 0x20e02c43700 of 64 bytes failed: Only part of a ReadProcessMemory or WriteProcessMemory request was completed. (0x12B)
[0317/185645.207:ERROR:process_memory_win.cc(73)] ReadMemory at 0x20e02c43750 of 64 bytes failed: Only part of a ReadProcessMemory or WriteProcessMemory request was completed. (0x12B)
[0317/185645.207:ERROR:process_memory_win.cc(73)] ReadMemory at 0x20e02c43840 of 62 bytes failed: Only part of a ReadProcessMemory or WriteProcessMemory request was completed. (0x12B)
[0317/185645.207:ERROR:process_memory_win.cc(73)] ReadMemory at 0x20e02c438e0 of 64 bytes failed: Only part of a ReadProcessMemory or WriteProcessMemory request was completed. (0x12B)
[0317/185645.207:ERROR:process_memory_win.cc(73)] ReadMemory at 0x20e02c43930 of 64 bytes failed: Only part of a ReadProcessMemory or WriteProcessMemory request was completed. (0x12B)
[0317/185645.207:ERROR:process_memory_win.cc(73)] ReadMemory at 0x20e02c439d0 of 62 bytes failed: Only part of a ReadProcessMemory or WriteProcessMemory request was completed. (0x12B)
[0317/185645.207:ERROR:process_memory_win.cc(73)] ReadMemory at 0x20e02c43a70 of 60 bytes failed: Only part of a ReadProcessMemory or WriteProcessMemory request was completed. (0x12B)
[0317/185645.207:ERROR:process_memory_win.cc(73)] ReadMemory at 0x20e02c43ac0 of 64 bytes failed: Only part of a ReadProcessMemory or WriteProcessMemory request was completed. (0x12B)
[0317/185645.207:ERROR:process_memory_win.cc(73)] ReadMemory at 0x20e02c43b10 of 62 bytes failed: Only part of a ReadProcessMemory or WriteProcessMemory request was completed. (0x12B)
[0317/185645.207:ERROR:process_memory_win.cc(73)] ReadMemory at 0x20e02c43b60 of 60 bytes failed: Only part of a ReadProcessMemory or WriteProcessMemory request was completed. (0x12B)
[0317/185645.207:ERROR:process_memory_win.cc(73)] ReadMemory at 0x20e02c44440 of 132 bytes failed: Only part of a ReadProcessMemory or WriteProcessMemory request was completed. (0x12B)
[0317/185645.207:ERROR:process_memory_win.cc(73)] ReadMemory at 0x20e02c45820 of 54 bytes failed: Only part of a ReadProcessMemory or WriteProcessMemory request was completed. (0x12B)
[0317/185645.207:ERROR:process_memory_win.cc(73)] ReadMemory at 0x20e02c49330 of 132 bytes failed: Only part of a ReadProcessMemory or WriteProcessMemory request was completed. (0x12B)
[0317/185645.207:ERROR:process_memory_win.cc(73)] ReadMemory at 0x20e02c49c70 of 132 bytes failed: Only part of a ReadProcessMemory or WriteProcessMemory request was completed. (0x12B)
[0317/185645.207:ERROR:process_memory_win.cc(73)] ReadMemory at 0x20e02c49f80 of 132 bytes failed: Only part of a ReadProcessMemory or WriteProcessMemory request was completed. (0x12B)
[0317/185645.207:ERROR:process_memory_win.cc(73)] ReadMemory at 0x20e02c4a2a0 of 132 bytes failed: Only part of a ReadProcessMemory or WriteProcessMemory request was completed. (0x12B)
[0317/185645.208:ERROR:process_memory_win.cc(73)] ReadMemory at 0x20e02c4bff0 of 132 bytes failed: Only part of a ReadProcessMemory or WriteProcessMemory request was completed. (0x12B)
[0317/185645.208:ERROR:process_memory_win.cc(73)] ReadMemory at 0x20e02c4c120 of 132 bytes failed: Only part of a ReadProcessMemory or WriteProcessMemory request was completed. (0x12B)
[0317/185645.208:ERROR:process_memory_win.cc(73)] ReadMemory at 0x20e02c4c250 of 132 bytes failed: Only part of a ReadProcessMemory or WriteProcessMemory request was completed. (0x12B)
[0317/185645.208:ERROR:process_memory_win.cc(73)] ReadMemory at 0x20e02c4c380 of 132 bytes failed: Only part of a ReadProcessMemory or WriteProcessMemory request was completed. (0x12B)
[0317/185645.208:ERROR:process_memory_win.cc(73)] ReadMemory at 0x20e02c4c4b0 of 132 bytes failed: Only part of a ReadProcessMemory or WriteProcessMemory request was completed. (0x12B)
[0317/185645.208:ERROR:process_memory_win.cc(73)] ReadMemory at 0x20e02c4c710 of 132 bytes failed: Only part of a ReadProcessMemory or WriteProcessMemory request was completed. (0x12B)
[0317/185645.208:ERROR:process_memory_win.cc(73)] ReadMemory at 0x20e02c4c840 of 132 bytes failed: Only part of a ReadProcessMemory or WriteProcessMemory request was completed. (0x12B)
[0317/185645.208:ERROR:process_memory_win.cc(73)] ReadMemory at 0x20e02c4c970 of 132 bytes failed: Only part of a ReadProcessMemory or WriteProcessMemory request was completed. (0x12B)
[0317/185645.208:ERROR:process_memory_win.cc(73)] ReadMemory at 0x20e02c4caa0 of 132 bytes failed: Only part of a ReadProcessMemory or WriteProcessMemory request was completed. (0x12B)
[0317/185645.208:ERROR:process_memory_win.cc(73)] ReadMemory at 0x20e02c4cbd0 of 132 bytes failed: Only part of a ReadProcessMemory or WriteProcessMemory request was completed. (0x12B)
[0317/185645.208:ERROR:process_memory_win.cc(73)] ReadMemory at 0x20e02c4cd00 of 132 bytes failed: Only part of a ReadProcessMemory or WriteProcessMemory request was completed. (0x12B)
[0317/185645.208:ERROR:process_memory_win.cc(73)] ReadMemory at 0x20e02c4ce30 of 132 bytes failed: Only part of a ReadProcessMemory or WriteProcessMemory request was completed. (0x12B)
[0317/185645.208:ERROR:process_memory_win.cc(73)] ReadMemory at 0x20e02c4e950 of 66 bytes failed: Only part of a ReadProcessMemory or WriteProcessMemory request was completed. (0x12B)
[0317/185645.209:ERROR:process_memory_win.cc(73)] ReadMemory at 0x20e02c4ee00 of 62 bytes failed: Only part of a ReadProcessMemory or WriteProcessMemory request was completed. (0x12B)
[0317/185645.209:ERROR:process_memory_win.cc(73)] ReadMemory at 0x20e02c4f440 of 64 bytes failed: Only part of a ReadProcessMemory or WriteProcessMemory request was completed. (0x12B)
[0317/185645.209:ERROR:process_memory_win.cc(73)] ReadMemory at 0x20e02c4f490 of 58 bytes failed: Only part of a ReadProcessMemory or WriteProcessMemory request was completed. (0x12B)
[0317/185645.210:ERROR:process_memory_win.cc(73)] ReadMemory at 0x20e02c4f530 of 62 bytes failed: Only part of a ReadProcessMemory or WriteProcessMemory request was completed. (0x12B)
[0317/185645.210:ERROR:process_memory_win.cc(73)] ReadMemory at 0x20e02c4f580 of 58 bytes failed: Only part of a ReadProcessMemory or WriteProcessMemory request was completed. (0x12B)
[0317/185645.210:ERROR:process_memory_win.cc(73)] ReadMemory at 0x20e02c4f760 of 60 bytes failed: Only part of a ReadProcessMemory or WriteProcessMemory request was completed. (0x12B)
[0317/185645.210:ERROR:process_memory_win.cc(73)] ReadMemory at 0x20e02c620d0 of 62 bytes failed: Only part of a ReadProcessMemory or WriteProcessMemory request was completed. (0x12B)
[0317/185645.210:ERROR:process_memory_win.cc(73)] ReadMemory at 0x20e02c62580 of 58 bytes failed: Only part of a ReadProcessMemory or WriteProcessMemory request was completed. (0x12B)
[0317/185645.210:ERROR:process_memory_win.cc(73)] ReadMemory at 0x20e02c66b60 of 512 bytes failed: Only part of a ReadProcessMemory or WriteProcessMemory request was completed. (0x12B)
[0317/185645.211:ERROR:process_memory_win.cc(73)] ReadMemory at 0x20e02c6ed40 of 512 bytes failed: Only part of a ReadProcessMemory or WriteProcessMemory request was completed. (0x12B)
[0317/185645.211:ERROR:process_memory_win.cc(73)] ReadMemory at 0x20e02c6ef50 of 512 bytes failed: Only part of a ReadProcessMemory or WriteProcessMemory request was completed. (0x12B)
[0317/185645.211:ERROR:process_memory_win.cc(73)] ReadMemory at 0x20e02ec1840 of 512 bytes failed: Only part of a ReadProcessMemory or WriteProcessMemory request was completed. (0x12B)
[0317/185645.212:ERROR:process_memory_win.cc(73)] ReadMemory at 0x20e03144f40 of 512 bytes failed: Only part of a ReadProcessMemory or WriteProcessMemory request was completed. (0x12B)
[0317/185645.213:ERROR:process_memory_win.cc(73)] ReadMemory at 0x20e03149ab0 of 800 bytes failed: Only part of a ReadProcessMemory or WriteProcessMemory request was completed. (0x12B)
[0317/185645.213:ERROR:process_memory_win.cc(73)] ReadMemory at 0x20e03155140 of 712 bytes failed: Only part of a ReadProcessMemory or WriteProcessMemory request was completed. (0x12B)
[0317/185645.213:ERROR:process_memory_win.cc(73)] ReadMemory at 0x20e03156a60 of 512 bytes failed: Only part of a ReadProcessMemory or WriteProcessMemory request was completed. (0x12B)
[0317/185645.213:ERROR:process_memory_win.cc(73)] ReadMemory at 0x20e051e6008 of 512 bytes failed: Only part of a ReadProcessMemory or WriteProcessMemory request was completed. (0x12B)
[0317/185645.213:ERROR:process_memory_win.cc(73)] ReadMemory at 0x20e051e6488 of 512 bytes failed: Only part of a ReadProcessMemory or WriteProcessMemory request was completed. (0x12B)
[0317/185645.213:ERROR:process_memory_win.cc(73)] ReadMemory at 0x20e051e7dd8 of 512 bytes failed: Only part of a ReadProcessMemory or WriteProcessMemory request was completed. (0x12B)
[0317/185645.213:ERROR:process_memory_win.cc(73)] ReadMemory at 0x20e052069f0 of 512 bytes failed: Only part of a ReadProcessMemory or WriteProcessMemory request was completed. (0x12B)
[0317/185645.213:ERROR:process_memory_win.cc(73)] ReadMemory at 0x20e0523c020 of 512 bytes failed: Only part of a ReadProcessMemory or WriteProcessMemory request was completed. (0x12B)
[0317/185645.213:ERROR:process_memory_win.cc(73)] ReadMemory at 0x20e052cf810 of 512 bytes failed: Only part of a ReadProcessMemory or WriteProcessMemory request was completed. (0x12B)
[0317/185645.213:ERROR:process_memory_win.cc(73)] ReadMemory at 0x20e052f02a0 of 512 bytes failed: Only part of a ReadProcessMemory or WriteProcessMemory request was completed. (0x12B)
[0317/185645.214:ERROR:process_memory_win.cc(73)] ReadMemory at 0x20e05320b10 of 512 bytes failed: Only part of a ReadProcessMemory or WriteProcessMemory request was completed. (0x12B)
[0317/185645.214:ERROR:process_memory_win.cc(73)] ReadMemory at 0x20e053688f0 of 512 bytes failed: Only part of a ReadProcessMemory or WriteProcessMemory request was completed. (0x12B)
[0317/185645.214:ERROR:process_memory_win.cc(73)] ReadMemory at 0x20e05d0fc80 of 512 bytes failed: Only part of a ReadProcessMemory or WriteProcessMemory request was completed. (0x12B)
[0317/185645.214:ERROR:process_memory_win.cc(73)] ReadMemory at 0x1834083a79d8 of 513 bytes failed: Only part of a ReadProcessMemory or WriteProcessMemory request was completed. (0x12B)
[0317/185645.214:ERROR:process_memory_win.cc(73)] ReadMemory at 0x183409f3af6d of 512 bytes failed: Only part of a ReadProcessMemory or WriteProcessMemory request was completed. (0x12B)
[0317/185645.214:ERROR:process_memory_win.cc(73)] ReadMemory at 0x7ff9d616e881 of 512 bytes failed: Only part of a ReadProcessMemory or WriteProcessMemory request was completed. (0x12B)
[0317/185645.214:ERROR:process_memory_win.cc(73)] ReadMemory at 0x7ff9d61ec9c9 of 512 bytes failed: Only part of a ReadProcessMemory or WriteProcessMemory request was completed. (0x12B)
[0317/185645.214:ERROR:process_memory_win.cc(73)] ReadMemory at 0x7ff9d871026c of 512 bytes failed: Only part of a ReadProcessMemory or WriteProcessMemory request was completed. (0x12B)
[0317/185645.214:ERROR:process_memory_win.cc(73)] ReadMemory at 0x7ff9d871486f of 512 bytes failed: Only part of a ReadProcessMemory or WriteProcessMemory request was completed. (0x12B)
[0317/185645.214:ERROR:process_memory_win.cc(73)] ReadMemory at 0x7ffa0d09a7d9 of 512 bytes failed: Only part of a ReadProcessMemory or WriteProcessMemory request was completed. (0x12B)
[0317/185645.214:ERROR:process_memory_win.cc(73)] ReadMemory at 0x7ffa0d2cb720 of 512 bytes failed: Only part of a ReadProcessMemory or WriteProcessMemory request was completed. (0x12B)
[0317/185645.214:ERROR:process_memory_win.cc(73)] ReadMemory at 0x7ffa0f7fc0c4 of 672 bytes failed: Only part of a ReadProcessMemory or WriteProcessMemory request was completed. (0x12B)
[0317/185645.230:ERROR:process_memory_win.cc(73)] ReadMemory at 0x7ffa0f7fc6c4 of 512 bytes failed: Only part of a ReadProcessMemory or WriteProcessMemory request was completed. (0x12B)
[0317/185645.230:ERROR:process_memory_win.cc(73)] ReadMemory at 0x7ffa0f7ff974 of 608 bytes failed: Only part of a ReadProcessMemory or WriteProcessMemory request was completed. (0x12B)
[0317/185645.230:ERROR:process_memory_win.cc(73)] ReadMemory at 0x7ffa0f88c428 of 18 bytes failed: Only part of a ReadProcessMemory or WriteProcessMemory request was completed. (0x12B)
[0317/185645.230:ERROR:process_memory_win.cc(73)] ReadMemory at 0x7ffa0f8bf4f8 of 40 bytes failed: Only part of a ReadProcessMemory or WriteProcessMemory request was completed. (0x12B)
[0317/185645.230:ERROR:process_memory_win.cc(73)] ReadMemory at 0x7ffa0f8bf978 of 48 bytes failed: Only part of a ReadProcessMemory or WriteProcessMemory request was completed. (0x12B)
[0317/185645.230:ERROR:process_memory_win.cc(73)] ReadMemory at 0x7ffa0f8c53c0 of 64 bytes failed: Only part of a ReadProcessMemory or WriteProcessMemory request was completed. (0x12B)
[0317/185645.232:ERROR:scoped_process_suspend.cc(40)] NtResumeProcess: An attempt was made to access an exiting process. (0xc000010a)
